{"level":"info","message":"Server running on http://localhost:5000","timestamp":"2025-05-09T00:54:09.566Z"}
{"level":"info","message":"MongoDB connected","timestamp":"2025-05-09T00:54:09.580Z"}
{"level":"info","message":"User connected: WyvlDOHeGiRj_lk6AAAB","timestamp":"2025-05-09T00:54:09.990Z"}
{"level":"info","message":"User connected: mRCLYFR9go602EopAAAD","timestamp":"2025-05-09T00:54:13.756Z"}
{"level":"info","message":"User disconnected: mRCLYFR9go602EopAAAD","timestamp":"2025-05-09T00:54:24.504Z"}
{"level":"info","message":"User disconnected: WyvlDOHeGiRj_lk6AAAB","timestamp":"2025-05-09T00:54:24.512Z"}
{"level":"info","message":"User connected: wtfGxQgegEL3Fv6FAAAG","timestamp":"2025-05-09T00:54:24.570Z"}
{"level":"info","message":"User connected: DwnLp2Xj0C2dC_GoAAAH","timestamp":"2025-05-09T00:54:24.587Z"}
{"level":"info","message":"User disconnected: wtfGxQgegEL3Fv6FAAAG","timestamp":"2025-05-09T00:55:10.310Z"}
{"level":"info","message":"User disconnected: DwnLp2Xj0C2dC_GoAAAH","timestamp":"2025-05-09T00:55:10.312Z"}
{"level":"info","message":"User connected: fwEYhp_UqlQGVbDJAAAK","timestamp":"2025-05-09T00:55:10.347Z"}
{"level":"info","message":"User connected: W4ceUo0l4alVMF48AAAL","timestamp":"2025-05-09T00:55:10.357Z"}
{"level":"info","message":"User disconnected: W4ceUo0l4alVMF48AAAL","timestamp":"2025-05-09T00:55:50.666Z"}
{"level":"info","message":"User disconnected: fwEYhp_UqlQGVbDJAAAK","timestamp":"2025-05-09T00:55:50.667Z"}
{"level":"info","message":"User connected: JneeTYwJcU2fNoG-AAAO","timestamp":"2025-05-09T00:55:50.734Z"}
{"level":"info","message":"User connected: kS5vFUKM_6h5JaMAAAAP","timestamp":"2025-05-09T00:55:50.740Z"}
{"level":"info","message":"User disconnected: JneeTYwJcU2fNoG-AAAO","timestamp":"2025-05-09T00:58:07.638Z"}
{"level":"info","message":"User disconnected: kS5vFUKM_6h5JaMAAAAP","timestamp":"2025-05-09T00:58:07.640Z"}
{"level":"info","message":"User connected: iNaDA8oK5Oe52veoAAAS","timestamp":"2025-05-09T00:58:07.685Z"}
{"level":"info","message":"User connected: 28nKLhV20Ndf3hCDAAAT","timestamp":"2025-05-09T00:58:07.703Z"}
{"level":"info","message":"User connected: akCmvgZ2xkai1xcTAAAW","timestamp":"2025-05-09T00:58:10.294Z"}
{"level":"info","message":"User disconnected: 28nKLhV20Ndf3hCDAAAT","timestamp":"2025-05-09T00:58:10.314Z"}
{"level":"info","message":"User disconnected: iNaDA8oK5Oe52veoAAAS","timestamp":"2025-05-09T00:58:10.315Z"}
{"level":"info","message":"User connected: mD2SUIPyBGCkmF6GAAAX","timestamp":"2025-05-09T00:58:10.327Z"}
{"level":"info","message":"User connected: fbkRbcI-jPafnipvAAAa","timestamp":"2025-05-09T00:58:10.471Z"}
{"level":"info","message":"User connected: oC1cvgpE63H56sW1AAAb","timestamp":"2025-05-09T00:58:10.475Z"}
{"level":"info","message":"User disconnected: akCmvgZ2xkai1xcTAAAW","timestamp":"2025-05-09T00:58:55.293Z"}
{"level":"info","message":"User disconnected: mD2SUIPyBGCkmF6GAAAX","timestamp":"2025-05-09T00:58:55.293Z"}
{"level":"info","message":"User connected: GDEuflmsGNjwzI2mAAAd","timestamp":"2025-05-09T00:59:35.481Z"}
{"level":"info","message":"User connected: W2rEJJ-gbRCrVaf2AAAf","timestamp":"2025-05-09T00:59:35.735Z"}
{"level":"info","message":"User disconnected: fbkRbcI-jPafnipvAAAa","timestamp":"2025-05-09T01:00:22.907Z"}
{"level":"info","message":"User disconnected: W2rEJJ-gbRCrVaf2AAAf","timestamp":"2025-05-09T01:00:22.916Z"}
{"level":"info","message":"User disconnected: GDEuflmsGNjwzI2mAAAd","timestamp":"2025-05-09T01:00:22.923Z"}
{"level":"info","message":"User disconnected: oC1cvgpE63H56sW1AAAb","timestamp":"2025-05-09T01:00:22.925Z"}
{"level":"info","message":"User connected: lqSv2cRYlfDyWVy6AAAi","timestamp":"2025-05-09T01:00:22.975Z"}
{"level":"info","message":"User connected: ThNn09ddqQmKXv4kAAAj","timestamp":"2025-05-09T01:00:22.984Z"}
{"level":"info","message":"User disconnected: ThNn09ddqQmKXv4kAAAj","timestamp":"2025-05-09T01:00:23.829Z"}
{"level":"info","message":"User disconnected: lqSv2cRYlfDyWVy6AAAi","timestamp":"2025-05-09T01:00:23.842Z"}
{"level":"info","message":"User connected: qF1sWHDi78f_CEfMAAAm","timestamp":"2025-05-09T01:00:23.899Z"}
{"level":"info","message":"User connected: Z-grrBzdASfFkcovAAAn","timestamp":"2025-05-09T01:00:23.907Z"}
{"level":"info","message":"User disconnected: qF1sWHDi78f_CEfMAAAm","timestamp":"2025-05-09T01:00:24.023Z"}
{"level":"info","message":"User connected: ms4Hh-VegvFLvpuRAAAq","timestamp":"2025-05-09T01:00:24.075Z"}
{"level":"info","message":"User connected: vKnaV_Ceke7VogJhAAAr","timestamp":"2025-05-09T01:00:24.081Z"}
{"level":"info","message":"User disconnected: ms4Hh-VegvFLvpuRAAAq","timestamp":"2025-05-09T01:00:24.241Z"}
{"level":"info","message":"User disconnected: vKnaV_Ceke7VogJhAAAr","timestamp":"2025-05-09T01:00:24.242Z"}
{"level":"info","message":"User connected: wnrnz_oNOVBl_NpQAAAu","timestamp":"2025-05-09T01:00:24.286Z"}
{"level":"info","message":"User connected: sMHQJnmzPLGeB1T8AAAv","timestamp":"2025-05-09T01:00:24.293Z"}
{"level":"info","message":"User connected: ni085rGo8YSgsXNKAAAy","timestamp":"2025-05-09T01:00:25.222Z"}
{"level":"info","message":"User disconnected: wnrnz_oNOVBl_NpQAAAu","timestamp":"2025-05-09T01:00:25.237Z"}
{"level":"info","message":"User disconnected: sMHQJnmzPLGeB1T8AAAv","timestamp":"2025-05-09T01:00:25.238Z"}
{"level":"info","message":"User connected: IRD0VtX3BvunYOG2AAAz","timestamp":"2025-05-09T01:00:25.250Z"}
{"level":"info","message":"User connected: PYvVF_feAXIeVO0EAAA2","timestamp":"2025-05-09T01:00:26.777Z"}
{"level":"info","message":"User connected: 5QSjk-4Zi0t7BK63AAA3","timestamp":"2025-05-09T01:00:26.786Z"}
{"level":"info","message":"User disconnected: ni085rGo8YSgsXNKAAAy","timestamp":"2025-05-09T01:00:26.793Z"}
{"level":"info","message":"User disconnected: IRD0VtX3BvunYOG2AAAz","timestamp":"2025-05-09T01:00:26.794Z"}
{"level":"info","message":"User connected: 1tcLFPo1FNUCSXYkAAA6","timestamp":"2025-05-09T01:00:28.638Z"}
{"level":"info","message":"User disconnected: PYvVF_feAXIeVO0EAAA2","timestamp":"2025-05-09T01:00:28.655Z"}
{"level":"info","message":"User disconnected: 5QSjk-4Zi0t7BK63AAA3","timestamp":"2025-05-09T01:00:28.656Z"}
{"level":"info","message":"User connected: CDdhb_zjYW1IPBlQAAA7","timestamp":"2025-05-09T01:00:28.670Z"}
{"level":"info","message":"User connected: oAMbmn1fcqqF68JtAAA-","timestamp":"2025-05-09T01:00:29.580Z"}
{"level":"info","message":"User disconnected: CDdhb_zjYW1IPBlQAAA7","timestamp":"2025-05-09T01:00:29.597Z"}
{"level":"info","message":"User disconnected: 1tcLFPo1FNUCSXYkAAA6","timestamp":"2025-05-09T01:00:29.598Z"}
{"level":"info","message":"User connected: xBS1Q_tzFIITb-GiAAA_","timestamp":"2025-05-09T01:00:29.613Z"}
{"level":"info","message":"User connected: OQmu_FttBAOY7uCiAABC","timestamp":"2025-05-09T01:00:36.607Z"}
{"level":"info","message":"User connected: s9MpoIhxzZ03dCfsAABD","timestamp":"2025-05-09T01:00:36.625Z"}
{"level":"info","message":"User disconnected: OQmu_FttBAOY7uCiAABC","timestamp":"2025-05-09T01:00:38.796Z"}
{"level":"info","message":"User disconnected: s9MpoIhxzZ03dCfsAABD","timestamp":"2025-05-09T01:00:38.797Z"}
{"level":"info","message":"User connected: 03F72ReT6g3zEMyeAABG","timestamp":"2025-05-09T01:00:38.854Z"}
{"level":"info","message":"User connected: jqpRo-XgkY0YqIUhAABH","timestamp":"2025-05-09T01:00:38.862Z"}
{"level":"info","message":"User disconnected: 03F72ReT6g3zEMyeAABG","timestamp":"2025-05-09T01:00:39.314Z"}
{"level":"info","message":"User disconnected: jqpRo-XgkY0YqIUhAABH","timestamp":"2025-05-09T01:00:39.315Z"}
{"level":"info","message":"User connected: hxA4_qYc46zsu2lsAABK","timestamp":"2025-05-09T01:00:39.369Z"}
{"level":"info","message":"User connected: 1BLnqFiRBPaNQnViAABL","timestamp":"2025-05-09T01:00:39.375Z"}
{"level":"info","message":"User connected: 6C9OGbRVMKJVfQ6jAABN","timestamp":"2025-05-09T01:01:02.533Z"}
{"level":"info","message":"User connected: Ng6--RJwhUmBe3CEAABP","timestamp":"2025-05-09T01:01:02.546Z"}
{"level":"info","message":"User disconnected: Z-grrBzdASfFkcovAAAn","timestamp":"2025-05-09T01:01:08.922Z"}
{"level":"info","message":"User disconnected: 1BLnqFiRBPaNQnViAABL","timestamp":"2025-05-09T01:01:40.891Z"}
{"level":"info","message":"User disconnected: hxA4_qYc46zsu2lsAABK","timestamp":"2025-05-09T01:01:40.892Z"}
{"level":"info","message":"User connected: _hQAUH3uuzL_Y_TmAABS","timestamp":"2025-05-09T01:01:40.965Z"}
{"level":"info","message":"User connected: 4Ri4ki3FElrtN20zAABT","timestamp":"2025-05-09T01:01:40.972Z"}
{"level":"info","message":"User disconnected: 4Ri4ki3FElrtN20zAABT","timestamp":"2025-05-09T01:01:41.732Z"}
{"level":"info","message":"User disconnected: _hQAUH3uuzL_Y_TmAABS","timestamp":"2025-05-09T01:01:41.733Z"}
{"level":"info","message":"User connected: TVcjImmAyrRAm6ZvAABW","timestamp":"2025-05-09T01:01:41.795Z"}
{"level":"info","message":"User connected: kDzHN5P8wkKf1q7bAABX","timestamp":"2025-05-09T01:01:41.805Z"}
{"level":"info","message":"User disconnected: oAMbmn1fcqqF68JtAAA-","timestamp":"2025-05-09T01:01:49.160Z"}
{"level":"info","message":"User disconnected: Ng6--RJwhUmBe3CEAABP","timestamp":"2025-05-09T01:01:49.165Z"}
{"level":"info","message":"User disconnected: 6C9OGbRVMKJVfQ6jAABN","timestamp":"2025-05-09T01:01:49.166Z"}
{"level":"info","message":"User disconnected: xBS1Q_tzFIITb-GiAAA_","timestamp":"2025-05-09T01:01:49.166Z"}
{"level":"info","message":"User connected: RAa7IGSHF1d3CNQiAABa","timestamp":"2025-05-09T01:01:49.222Z"}
{"level":"info","message":"User connected: 65Es3dc_9uMIHqWXAABb","timestamp":"2025-05-09T01:01:49.233Z"}
{"level":"info","message":"User disconnected: RAa7IGSHF1d3CNQiAABa","timestamp":"2025-05-09T01:01:49.383Z"}
{"level":"info","message":"User disconnected: 65Es3dc_9uMIHqWXAABb","timestamp":"2025-05-09T01:01:49.384Z"}
{"level":"info","message":"User connected: S0qW9vErHvobIloCAABe","timestamp":"2025-05-09T01:01:49.435Z"}
{"level":"info","message":"User connected: R6TVgDMp-lrf0J6cAABf","timestamp":"2025-05-09T01:01:49.442Z"}
{"level":"info","message":"User connected: b0QrLgQiaOyEQdnUAABh","timestamp":"2025-05-09T01:01:59.521Z"}
{"level":"info","message":"User connected: qrEHl0Z8C_lrfs_7AABj","timestamp":"2025-05-09T01:01:59.562Z"}
{"level":"info","message":"User disconnected: qrEHl0Z8C_lrfs_7AABj","timestamp":"2025-05-09T01:02:25.041Z"}
{"level":"info","message":"User disconnected: R6TVgDMp-lrf0J6cAABf","timestamp":"2025-05-09T01:02:25.044Z"}
{"level":"info","message":"User disconnected: S0qW9vErHvobIloCAABe","timestamp":"2025-05-09T01:02:25.044Z"}
{"level":"info","message":"User disconnected: TVcjImmAyrRAm6ZvAABW","timestamp":"2025-05-09T01:02:25.132Z"}
{"level":"info","message":"User disconnected: b0QrLgQiaOyEQdnUAABh","timestamp":"2025-05-09T01:02:25.133Z"}
{"level":"info","message":"User disconnected: kDzHN5P8wkKf1q7bAABX","timestamp":"2025-05-09T01:02:25.134Z"}
{"level":"info","message":"User connected: 94HtaC4IzhC2jiZjAABo","timestamp":"2025-05-09T01:02:25.246Z"}
{"level":"info","message":"User connected: m8nCO2vCeWQebCEwAABp","timestamp":"2025-05-09T01:02:25.247Z"}
{"level":"info","message":"User connected: 6Vh0NKOHhlYBN0OEAABq","timestamp":"2025-05-09T01:02:25.257Z"}
{"level":"info","message":"User connected: xqmkNzoYVnoCXAZRAABr","timestamp":"2025-05-09T01:02:25.260Z"}
{"level":"info","message":"User connected: 7TxrVD6wlGQMPR8iAABu","timestamp":"2025-05-09T01:03:05.528Z"}
{"level":"info","message":"User connected: YmuKPS5BeSago1WbAABv","timestamp":"2025-05-09T01:03:05.532Z"}
{"level":"info","message":"Server running on http://localhost:5000","timestamp":"2025-05-09T01:04:42.285Z"}
{"level":"info","message":"MongoDB connected","timestamp":"2025-05-09T01:04:42.296Z"}
{"level":"info","message":"User connected: mAxWUokxIdX3fBbUAAAC","timestamp":"2025-05-09T01:04:42.359Z"}
{"level":"info","message":"User connected: G7H276yKze81a7WSAAAD","timestamp":"2025-05-09T01:04:42.364Z"}
{"level":"info","message":"User connected: 31sJLSKKklo1NfQ6AAAG","timestamp":"2025-05-09T01:04:42.989Z"}
{"level":"info","message":"User connected: R-8Krh6OpTlYQKKwAAAH","timestamp":"2025-05-09T01:04:42.990Z"}
{"level":"info","message":"User connected: Cj_poPWuuoVHsBsuAAAJ","timestamp":"2025-05-09T01:04:43.982Z"}
{"level":"info","message":"User connected: e4ieSNdmVDubmpHoAAAL","timestamp":"2025-05-09T01:04:44.979Z"}
{"level":"info","message":"User disconnected: G7H276yKze81a7WSAAAD","timestamp":"2025-05-09T01:06:32.940Z"}
{"level":"info","message":"User disconnected: e4ieSNdmVDubmpHoAAAL","timestamp":"2025-05-09T01:06:32.943Z"}
{"level":"info","message":"User disconnected: R-8Krh6OpTlYQKKwAAAH","timestamp":"2025-05-09T01:06:32.944Z"}
{"level":"info","message":"User connected: NBIW3uKjX3xNmq2AAAAN","timestamp":"2025-05-09T01:06:33.101Z"}
{"level":"info","message":"User connected: i_ZSIz3xZ_ywnwFNAAAQ","timestamp":"2025-05-09T01:07:54.367Z"}
{"level":"info","message":"User connected: whUIpwkL0fRBY1WqAAAR","timestamp":"2025-05-09T01:07:54.372Z"}
{"level":"info","message":"User disconnected: whUIpwkL0fRBY1WqAAAR","timestamp":"2025-05-09T01:08:03.874Z"}
{"level":"info","message":"User disconnected: NBIW3uKjX3xNmq2AAAAN","timestamp":"2025-05-09T01:08:03.874Z"}
{"level":"info","message":"User connected: dEve6sgF5gj99wQLAAAT","timestamp":"2025-05-09T01:08:03.982Z"}
{"level":"info","message":"User disconnected: dEve6sgF5gj99wQLAAAT","timestamp":"2025-05-09T01:08:04.787Z"}
{"level":"info","message":"User connected: 22yBMDkZTvkPri82AAAV","timestamp":"2025-05-09T01:08:04.855Z"}
{"level":"info","message":"User disconnected: 22yBMDkZTvkPri82AAAV","timestamp":"2025-05-09T01:08:05.507Z"}
{"level":"info","message":"User connected: XkMv-ynIMbvdkAD4AAAX","timestamp":"2025-05-09T01:08:05.576Z"}
{"level":"info","message":"User connected: 8X9xVQzcQQur8jkdAAAZ","timestamp":"2025-05-09T01:08:29.655Z"}
{"level":"info","message":"User connected: enRHZR3x6mQR5g3rAAAb","timestamp":"2025-05-09T01:08:29.671Z"}
{"level":"info","message":"User connected: 99ustawxZomGlC_sAAAd","timestamp":"2025-05-09T01:09:45.308Z"}
{"level":"info","message":"User connected: pndnNFX3EXgo7IL6AAAf","timestamp":"2025-05-09T01:09:45.376Z"}
{"level":"info","message":"User connected: 8s7SejVnsjiggwcdAAAh","timestamp":"2025-05-09T01:09:45.735Z"}
{"level":"info","message":"User connected: 3yBrWmhMhay2gHTLAAAj","timestamp":"2025-05-09T01:09:45.742Z"}
{"level":"info","message":"User disconnected: XkMv-ynIMbvdkAD4AAAX","timestamp":"2025-05-09T01:10:06.446Z"}
{"level":"info","message":"User disconnected: 3yBrWmhMhay2gHTLAAAj","timestamp":"2025-05-09T01:10:06.450Z"}
{"level":"info","message":"User disconnected: 99ustawxZomGlC_sAAAd","timestamp":"2025-05-09T01:10:06.452Z"}
{"level":"info","message":"User disconnected: 8X9xVQzcQQur8jkdAAAZ","timestamp":"2025-05-09T01:10:06.452Z"}
{"level":"info","message":"User connected: 8vycjnKt2_bQWKKkAAAm","timestamp":"2025-05-09T01:10:06.569Z"}
{"level":"info","message":"User connected: CSrkvLsZ36cWeEuPAAAn","timestamp":"2025-05-09T01:10:06.576Z"}
{"level":"info","message":"User disconnected: 8vycjnKt2_bQWKKkAAAm","timestamp":"2025-05-09T01:10:07.303Z"}
{"level":"info","message":"User disconnected: CSrkvLsZ36cWeEuPAAAn","timestamp":"2025-05-09T01:10:07.308Z"}
{"level":"info","message":"User connected: MpUdI1a_6PwsNEhZAAAq","timestamp":"2025-05-09T01:10:07.378Z"}
{"level":"info","message":"User connected: QLm7bYHlv-qvycWDAAAr","timestamp":"2025-05-09T01:10:07.408Z"}
{"level":"info","message":"User connected: wFKhRnzoS7ztQphzAAAu","timestamp":"2025-05-09T01:10:18.143Z"}
{"level":"info","message":"User connected: tLg2WDu36T_kFVnJAAAv","timestamp":"2025-05-09T01:10:18.149Z"}
{"level":"info","message":"Server running on http://localhost:5000","timestamp":"2025-05-09T01:28:51.473Z"}
{"level":"info","message":"MongoDB connected successfully","timestamp":"2025-05-09T01:28:51.483Z"}
{"level":"info","message":"User connected: q33HL10voYPPnF5FAAAB","timestamp":"2025-05-09T01:28:51.508Z"}
{"level":"info","message":"User connected: hR700qOVafy_zRV1AAAE","timestamp":"2025-05-09T01:28:51.983Z"}
{"level":"info","message":"User connected: Qt5xwtbpxePPInO_AAAF","timestamp":"2025-05-09T01:28:51.986Z"}
{"level":"info","message":"User connected: UB9lVUP2pV4A58-CAAAH","timestamp":"2025-05-09T01:28:52.983Z"}
{"level":"info","message":"User connected: 8C-tNtLYh86LzFTkAAAK","timestamp":"2025-05-09T01:28:53.982Z"}
{"level":"info","message":"User connected: Hn3_TL9P0XoeZe7ZAAAL","timestamp":"2025-05-09T01:28:53.985Z"}
{"level":"info","message":"User connected: Zz00ZkHyYsGPAIQ7AAAO","timestamp":"2025-05-09T01:28:54.977Z"}
{"level":"info","message":"User connected: njpVlTecrNuNAVH5AAAP","timestamp":"2025-05-09T01:28:54.979Z"}
{"level":"info","message":"User connected: svMV8jK9c7I3IMhWAAAR","timestamp":"2025-05-09T01:28:55.977Z"}
{"level":"error","message":"Login error: Illegal arguments: string, undefined","timestamp":"2025-05-09T01:28:57.651Z"}
{"level":"error","message":"Login error: Illegal arguments: string, undefined","timestamp":"2025-05-09T01:28:59.105Z"}
{"level":"error","message":"Login error: Illegal arguments: string, undefined","timestamp":"2025-05-09T01:29:06.300Z"}
{"level":"info","message":"User disconnected: Qt5xwtbpxePPInO_AAAF","timestamp":"2025-05-09T01:29:07.953Z"}
{"level":"info","message":"User connected: aEizByi6TTsQEtBRAAAT","timestamp":"2025-05-09T01:29:07.990Z"}
{"level":"info","message":"User disconnected: aEizByi6TTsQEtBRAAAT","timestamp":"2025-05-09T01:30:51.666Z"}
{"level":"info","message":"User connected: CrJBNndFgZNhgF1MAAAV","timestamp":"2025-05-09T01:30:51.714Z"}
{"level":"info","message":"User connected: 2kIfhTUw-RxlWyklAAAX","timestamp":"2025-05-09T01:31:42.262Z"}
{"level":"info","message":"User disconnected: 2kIfhTUw-RxlWyklAAAX","timestamp":"2025-05-09T01:31:52.584Z"}
{"level":"info","message":"User disconnected: CrJBNndFgZNhgF1MAAAV","timestamp":"2025-05-09T01:32:24.533Z"}
{"level":"info","message":"User connected: GeB0-JRqtO8ENavkAAAZ","timestamp":"2025-05-09T01:32:24.587Z"}
{"level":"info","message":"User disconnected: GeB0-JRqtO8ENavkAAAZ","timestamp":"2025-05-09T01:32:37.656Z"}
{"level":"info","message":"User connected: Pt_3rwqEgaNDOKVgAAAb","timestamp":"2025-05-09T01:32:37.690Z"}
{"level":"info","message":"User disconnected: q33HL10voYPPnF5FAAAB","timestamp":"2025-05-09T01:37:34.991Z"}
{"level":"info","message":"User disconnected: svMV8jK9c7I3IMhWAAAR","timestamp":"2025-05-09T01:37:34.994Z"}
{"level":"info","message":"User disconnected: njpVlTecrNuNAVH5AAAP","timestamp":"2025-05-09T01:37:34.994Z"}
{"level":"info","message":"User disconnected: Zz00ZkHyYsGPAIQ7AAAO","timestamp":"2025-05-09T01:37:34.995Z"}
{"level":"info","message":"User disconnected: Hn3_TL9P0XoeZe7ZAAAL","timestamp":"2025-05-09T01:37:34.995Z"}
{"level":"info","message":"User disconnected: 8C-tNtLYh86LzFTkAAAK","timestamp":"2025-05-09T01:37:34.995Z"}
{"level":"info","message":"User disconnected: UB9lVUP2pV4A58-CAAAH","timestamp":"2025-05-09T01:37:34.995Z"}
{"level":"info","message":"User disconnected: hR700qOVafy_zRV1AAAE","timestamp":"2025-05-09T01:37:34.995Z"}
{"level":"info","message":"User disconnected: Pt_3rwqEgaNDOKVgAAAb","timestamp":"2025-05-09T01:37:35.036Z"}
{"level":"info","message":"User connected: ZEATNGOJEMLG2uUrAAAd","timestamp":"2025-05-09T01:37:35.089Z"}
{"level":"info","message":"User connected: 1RIyr4kwc1KQIXd7AAAf","timestamp":"2025-05-09T01:37:35.118Z"}
{"level":"info","message":"User disconnected: ZEATNGOJEMLG2uUrAAAd","timestamp":"2025-05-09T01:37:57.350Z"}
{"level":"info","message":"User connected: DHlHR8ESKanNgP5kAAAh","timestamp":"2025-05-09T01:37:57.385Z"}
{"level":"info","message":"User disconnected: DHlHR8ESKanNgP5kAAAh","timestamp":"2025-05-09T01:38:11.986Z"}
{"level":"info","message":"User disconnected: 1RIyr4kwc1KQIXd7AAAf","timestamp":"2025-05-09T01:38:12.013Z"}
{"level":"info","message":"User connected: Wr0ysSpI8Aaga3YwAAAj","timestamp":"2025-05-09T01:38:12.056Z"}
{"level":"info","message":"User connected: 3X64LoaUl454yVMaAAAl","timestamp":"2025-05-09T01:38:12.064Z"}
{"level":"info","message":"User disconnected: Wr0ysSpI8Aaga3YwAAAj","timestamp":"2025-05-09T01:40:48.248Z"}
{"level":"info","message":"User connected: yQPZl5JiyuaWWQL0AAAn","timestamp":"2025-05-09T01:42:03.262Z"}
{"level":"info","message":"User connected: uvvtleeB9H9_lwDwAAAp","timestamp":"2025-05-09T01:42:03.321Z"}
{"level":"info","message":"User disconnected: yQPZl5JiyuaWWQL0AAAn","timestamp":"2025-05-09T01:42:19.851Z"}
{"level":"info","message":"User disconnected: 3X64LoaUl454yVMaAAAl","timestamp":"2025-05-09T01:42:19.851Z"}
{"level":"info","message":"User connected: e0Pbh83ZoP0l8YRbAAAr","timestamp":"2025-05-09T01:42:35.364Z"}
{"level":"info","message":"User disconnected: uvvtleeB9H9_lwDwAAAp","timestamp":"2025-05-09T01:44:36.419Z"}
{"level":"info","message":"User connected: qO5aWFHUYAq0n_-hAAAt","timestamp":"2025-05-09T01:44:36.452Z"}
{"level":"info","message":"User disconnected: e0Pbh83ZoP0l8YRbAAAr","timestamp":"2025-05-09T01:44:41.520Z"}
{"level":"info","message":"User connected: 4o2A8orh6W7WHMPIAAAv","timestamp":"2025-05-09T01:44:41.554Z"}
{"level":"info","message":"User disconnected: qO5aWFHUYAq0n_-hAAAt","timestamp":"2025-05-09T01:47:45.243Z"}
{"level":"info","message":"User disconnected: 4o2A8orh6W7WHMPIAAAv","timestamp":"2025-05-09T01:47:45.255Z"}
{"level":"info","message":"User connected: j4yUtPYhKIGvLvmvAAAx","timestamp":"2025-05-09T01:49:17.794Z"}
{"level":"info","message":"User disconnected: j4yUtPYhKIGvLvmvAAAx","timestamp":"2025-05-09T01:49:23.026Z"}
{"level":"info","message":"User connected: v-mPKD5wGDGD_eY9AAAz","timestamp":"2025-05-09T01:49:23.064Z"}
{"level":"info","message":"User disconnected: v-mPKD5wGDGD_eY9AAAz","timestamp":"2025-05-09T01:49:24.902Z"}
{"level":"info","message":"User connected: beoeDCeJ2KHWyv3BAAA1","timestamp":"2025-05-09T01:49:24.959Z"}
{"level":"info","message":"User disconnected: beoeDCeJ2KHWyv3BAAA1","timestamp":"2025-05-09T01:49:25.589Z"}
{"level":"info","message":"User connected: eOAtDyRICbvmu1rGAAA3","timestamp":"2025-05-09T01:49:25.648Z"}
{"level":"info","message":"User disconnected: eOAtDyRICbvmu1rGAAA3","timestamp":"2025-05-09T01:49:26.657Z"}
{"level":"info","message":"User connected: H4K4nZwMjMZ-o2s4AAA5","timestamp":"2025-05-09T01:50:15.668Z"}
{"level":"info","message":"User disconnected: H4K4nZwMjMZ-o2s4AAA5","timestamp":"2025-05-09T01:50:21.417Z"}
{"level":"info","message":"Server running on http://localhost:5000","timestamp":"2025-05-09T01:50:47.849Z"}
{"level":"info","message":"MongoDB connected successfully","timestamp":"2025-05-09T01:50:47.863Z"}
{"level":"info","message":"User connected: G9Iu72VWvAVsKN_8AAAB","timestamp":"2025-05-09T01:51:06.580Z"}
{"level":"info","message":"User disconnected: G9Iu72VWvAVsKN_8AAAB","timestamp":"2025-05-09T01:51:09.139Z"}
{"level":"info","message":"Server running on http://localhost:5000","timestamp":"2025-05-09T02:51:09.509Z"}
{"level":"info","message":"MongoDB connected successfully","timestamp":"2025-05-09T02:51:09.523Z"}
{"level":"info","message":"User connected: uHpTxC9KycGdvtB5AAAB","timestamp":"2025-05-09T02:51:10.988Z"}
{"level":"info","message":"User connected: bbgR5g1PLDc5RMrIAAAD","timestamp":"2025-05-09T02:51:25.793Z"}
{"level":"info","message":"User disconnected: bbgR5g1PLDc5RMrIAAAD","timestamp":"2025-05-09T02:51:30.076Z"}
{"level":"info","message":"User connected: ct931sJgk2W9jvcVAAAF","timestamp":"2025-05-09T02:51:30.093Z"}
{"level":"info","message":"User disconnected: ct931sJgk2W9jvcVAAAF","timestamp":"2025-05-09T02:52:20.429Z"}
{"level":"info","message":"User connected: 2VQpePcnCDBlYF38AAAH","timestamp":"2025-05-09T02:52:20.468Z"}
{"level":"info","message":"User disconnected: 2VQpePcnCDBlYF38AAAH","timestamp":"2025-05-09T02:53:39.443Z"}
{"level":"info","message":"User disconnected: uHpTxC9KycGdvtB5AAAB","timestamp":"2025-05-09T02:53:39.482Z"}
{"level":"info","message":"Server running on http://localhost:5000","timestamp":"2025-05-09T04:05:10.172Z"}
{"level":"info","message":"MongoDB connected successfully","timestamp":"2025-05-09T04:05:10.185Z"}
{"level":"info","message":"User connected: 12nin7tesGW0n39CAAAB","timestamp":"2025-05-09T04:06:09.671Z"}
{"level":"info","message":"User disconnected: 12nin7tesGW0n39CAAAB","timestamp":"2025-05-09T04:06:28.143Z"}
{"level":"info","message":"User connected: 9tHFh5G3H_gG7JVvAAAD","timestamp":"2025-05-09T04:06:28.188Z"}
{"level":"error","message":"Login error: Illegal arguments: string, undefined","timestamp":"2025-05-09T04:06:29.964Z"}
{"level":"error","message":"Login error: Illegal arguments: string, undefined","timestamp":"2025-05-09T04:06:40.903Z"}
{"level":"error","message":"Login error: Illegal arguments: string, undefined","timestamp":"2025-05-09T04:06:41.317Z"}
{"level":"error","message":"Login error: Illegal arguments: string, undefined","timestamp":"2025-05-09T04:06:41.537Z"}
{"level":"info","message":"User disconnected: 9tHFh5G3H_gG7JVvAAAD","timestamp":"2025-05-09T04:06:42.913Z"}
{"level":"info","message":"User connected: F_9rp3D8d57F2xN6AAAF","timestamp":"2025-05-09T04:06:42.955Z"}
{"level":"info","message":"User connected: tdF_O96F2on2qnCZAAAH","timestamp":"2025-05-09T04:30:58.935Z"}
{"level":"info","message":"User disconnected: F_9rp3D8d57F2xN6AAAF","timestamp":"2025-05-09T04:38:15.669Z"}
{"level":"info","message":"User connected: IXXfZv4vx4ITSgaTAAAJ","timestamp":"2025-05-09T04:38:15.766Z"}
{"level":"info","message":"User IXXfZv4vx4ITSgaTAAAJ joined meeting fdkljfklj","timestamp":"2025-05-09T04:38:31.329Z"}
{"level":"info","message":"Server running on http://localhost:5000","timestamp":"2025-05-09T05:26:21.654Z"}
{"level":"info","message":"MongoDB connected successfully","timestamp":"2025-05-09T05:26:21.668Z"}
{"level":"info","message":"User connected: LQrZpDKAaVIO0Y9eAAAB","timestamp":"2025-05-09T05:26:21.994Z"}
{"level":"info","message":"User connected: BeNswVo0oX6FWsQYAAAD","timestamp":"2025-05-09T05:26:37.828Z"}
{"level":"info","message":"User BeNswVo0oX6FWsQYAAAD joined meeting null","timestamp":"2025-05-09T05:26:59.775Z"}
{"level":"info","message":"User BeNswVo0oX6FWsQYAAAD joined meeting null","timestamp":"2025-05-09T05:26:59.782Z"}
{"level":"info","message":"User disconnected: LQrZpDKAaVIO0Y9eAAAB","timestamp":"2025-05-09T05:27:29.878Z"}
{"level":"info","message":"User connected: 2AafUQxODnesR5Y3AAAF","timestamp":"2025-05-09T05:27:30.005Z"}
{"level":"info","message":"User connected: bjN_r1vHHVlTYeMpAAAH","timestamp":"2025-05-09T05:27:46.841Z"}
{"level":"info","message":"User disconnected: bjN_r1vHHVlTYeMpAAAH","timestamp":"2025-05-09T05:27:52.556Z"}
{"level":"info","message":"User BeNswVo0oX6FWsQYAAAD joined meeting null","timestamp":"2025-05-09T05:28:01.058Z"}
{"level":"info","message":"User BeNswVo0oX6FWsQYAAAD joined meeting null","timestamp":"2025-05-09T05:28:01.065Z"}
{"level":"info","message":"User disconnected: 2AafUQxODnesR5Y3AAAF","timestamp":"2025-05-09T05:28:26.600Z"}
{"level":"info","message":"User disconnected: BeNswVo0oX6FWsQYAAAD","timestamp":"2025-05-09T05:28:26.605Z"}
{"level":"info","message":"User connected: TsrhJgj4NJZJMVo1AAAK","timestamp":"2025-05-09T05:29:57.996Z"}
{"level":"info","message":"User connected: eu2cWoFmuEA5rJzqAAAL","timestamp":"2025-05-09T05:29:58.096Z"}
{"level":"info","message":"User disconnected: eu2cWoFmuEA5rJzqAAAL","timestamp":"2025-05-09T05:30:05.277Z"}
{"level":"info","message":"User connected: DOusVEvXNLmOlzE_AAAN","timestamp":"2025-05-09T05:30:05.349Z"}
{"level":"info","message":"User disconnected: TsrhJgj4NJZJMVo1AAAK","timestamp":"2025-05-09T05:30:06.479Z"}
{"level":"info","message":"User connected: TWZP3N3iuGOgJ-q6AAAP","timestamp":"2025-05-09T05:30:06.538Z"}
{"level":"info","message":"User disconnected: TWZP3N3iuGOgJ-q6AAAP","timestamp":"2025-05-09T05:31:04.749Z"}
{"level":"info","message":"User disconnected: DOusVEvXNLmOlzE_AAAN","timestamp":"2025-05-09T05:31:04.773Z"}
{"level":"info","message":"User connected: sRtKOK3yMwQuiVt2AAAR","timestamp":"2025-05-09T05:31:12.225Z"}
{"level":"info","message":"User connected: cfuZwemRGlNVrCsZAAAT","timestamp":"2025-05-09T05:31:14.709Z"}
{"level":"info","message":"User disconnected: cfuZwemRGlNVrCsZAAAT","timestamp":"2025-05-09T05:31:26.323Z"}
{"level":"info","message":"User disconnected: sRtKOK3yMwQuiVt2AAAR","timestamp":"2025-05-09T05:31:26.331Z"}
{"level":"info","message":"User connected: 4Q1kpGO1_PhaXpBLAAAW","timestamp":"2025-05-09T05:31:28.345Z"}
{"level":"info","message":"User connected: 9UzhcVKm-NqbHKIXAAAX","timestamp":"2025-05-09T05:31:28.354Z"}
{"level":"info","message":"User disconnected: 9UzhcVKm-NqbHKIXAAAX","timestamp":"2025-05-09T05:31:33.306Z"}
{"level":"info","message":"User disconnected: 4Q1kpGO1_PhaXpBLAAAW","timestamp":"2025-05-09T05:31:59.431Z"}
{"level":"info","message":"User connected: BF6wiq3P47Nx_tSuAAAZ","timestamp":"2025-05-09T05:31:59.800Z"}
{"level":"info","message":"User connected: b-m9r7xLV6I9u_ohAAAb","timestamp":"2025-05-09T05:31:59.813Z"}
{"level":"info","message":"User disconnected: BF6wiq3P47Nx_tSuAAAZ","timestamp":"2025-05-09T05:35:08.632Z"}
{"level":"info","message":"User disconnected: b-m9r7xLV6I9u_ohAAAb","timestamp":"2025-05-09T05:35:08.636Z"}
{"level":"info","message":"User connected: 2Qb7jzUxghJv8P-OAAAe","timestamp":"2025-05-09T05:43:25.364Z"}
{"level":"info","message":"User connected: e3SqfoSI4WotqmEhAAAf","timestamp":"2025-05-09T05:43:25.372Z"}
{"level":"info","message":"User disconnected: 2Qb7jzUxghJv8P-OAAAe","timestamp":"2025-05-09T05:43:28.356Z"}
{"level":"info","message":"User connected: nlXWimbb-efYcbPaAAAh","timestamp":"2025-05-09T05:43:28.457Z"}
{"level":"info","message":"User disconnected: e3SqfoSI4WotqmEhAAAf","timestamp":"2025-05-09T05:45:37.226Z"}
{"level":"info","message":"User connected: UTLy9ueBAxCMW2iUAAAj","timestamp":"2025-05-09T05:45:37.313Z"}
{"level":"info","message":"User connected: quk60yAra2mCHQGcAAAl","timestamp":"2025-05-09T05:54:37.892Z"}
{"level":"info","message":"User disconnected: quk60yAra2mCHQGcAAAl","timestamp":"2025-05-09T05:55:11.977Z"}
{"level":"info","message":"User disconnected: UTLy9ueBAxCMW2iUAAAj","timestamp":"2025-05-09T05:55:56.476Z"}
{"level":"info","message":"User connected: in-KdmRj0BrVRQ0aAAAn","timestamp":"2025-05-09T05:55:56.567Z"}
{"level":"info","message":"User disconnected: in-KdmRj0BrVRQ0aAAAn","timestamp":"2025-05-09T05:55:59.228Z"}
{"level":"info","message":"User connected: 0hvq2u2PjkgaGcDIAAAp","timestamp":"2025-05-09T05:55:59.280Z"}
{"level":"error","message":"Token verification error: jwt malformed","timestamp":"2025-05-09T06:02:59.231Z"}
{"level":"error","message":"Token verification error: jwt malformed","timestamp":"2025-05-09T06:02:59.234Z"}
{"level":"error","message":"Token verification error: jwt malformed","timestamp":"2025-05-09T06:03:10.928Z"}
{"level":"error","message":"Token verification error: jwt malformed","timestamp":"2025-05-09T06:03:10.929Z"}
{"level":"info","message":"User 0hvq2u2PjkgaGcDIAAAp joined meeting null","timestamp":"2025-05-09T06:03:52.658Z"}
{"level":"info","message":"User 0hvq2u2PjkgaGcDIAAAp joined meeting null","timestamp":"2025-05-09T06:03:52.666Z"}
{"level":"info","message":"Drawing event broadcast to meeting undefined","timestamp":"2025-05-09T06:04:06.951Z"}
{"level":"info","message":"Drawing event broadcast to meeting undefined","timestamp":"2025-05-09T06:04:06.962Z"}
{"level":"info","message":"User disconnected: nlXWimbb-efYcbPaAAAh","timestamp":"2025-05-09T06:09:51.747Z"}
{"level":"info","message":"User disconnected: 0hvq2u2PjkgaGcDIAAAp","timestamp":"2025-05-09T06:09:51.749Z"}
{"level":"info","message":"User connected: aAmVI31XeHyseiyKAAAs","timestamp":"2025-05-09T06:16:51.438Z"}
{"level":"info","message":"User connected: o3vAofW6Q65i1MnHAAAt","timestamp":"2025-05-09T06:16:51.467Z"}
{"level":"info","message":"User disconnected: o3vAofW6Q65i1MnHAAAt","timestamp":"2025-05-09T06:16:53.819Z"}
{"level":"info","message":"User connected: K5Daky1-GXTmPePzAAAv","timestamp":"2025-05-09T06:16:53.979Z"}
{"level":"info","message":"User disconnected: aAmVI31XeHyseiyKAAAs","timestamp":"2025-05-09T06:16:59.762Z"}
{"level":"info","message":"User connected: o7HuTR62_lflHdj5AAAx","timestamp":"2025-05-09T06:16:59.891Z"}
{"level":"info","message":"User disconnected: K5Daky1-GXTmPePzAAAv","timestamp":"2025-05-09T06:18:16.779Z"}
{"level":"info","message":"User disconnected: o7HuTR62_lflHdj5AAAx","timestamp":"2025-05-09T06:18:16.782Z"}
{"level":"info","message":"User connected: dlxj37oxG43EYiGDAAA0","timestamp":"2025-05-09T06:30:29.061Z"}
{"level":"info","message":"User connected: QqIkMibF5UixbWRuAAA1","timestamp":"2025-05-09T06:30:29.080Z"}
{"level":"info","message":"User disconnected: QqIkMibF5UixbWRuAAA1","timestamp":"2025-05-09T06:30:36.573Z"}
{"level":"info","message":"User connected: mGQTymBIvoVEwD4GAAA3","timestamp":"2025-05-09T06:30:36.672Z"}
{"level":"info","message":"User disconnected: dlxj37oxG43EYiGDAAA0","timestamp":"2025-05-09T06:36:25.718Z"}
{"level":"info","message":"User connected: yK-vZxTvk1MlexxXAAA5","timestamp":"2025-05-09T06:36:25.805Z"}
{"level":"info","message":"User disconnected: mGQTymBIvoVEwD4GAAA3","timestamp":"2025-05-09T06:51:35.214Z"}
{"level":"info","message":"User disconnected: yK-vZxTvk1MlexxXAAA5","timestamp":"2025-05-09T06:51:35.221Z"}
{"level":"info","message":"User connected: LPWsM7e2EjZ-Y2J5AAA7","timestamp":"2025-05-09T06:54:49.092Z"}
{"level":"info","message":"User connected: JJQog9sQvVeG_2LUAAA9","timestamp":"2025-05-09T06:54:49.142Z"}
{"level":"info","message":"User disconnected: JJQog9sQvVeG_2LUAAA9","timestamp":"2025-05-09T06:54:51.921Z"}
{"level":"info","message":"User connected: 6WK4NI5VniRe8RwRAAA_","timestamp":"2025-05-09T06:54:52.079Z"}
{"level":"info","message":"User disconnected: 6WK4NI5VniRe8RwRAAA_","timestamp":"2025-05-09T06:54:54.355Z"}
{"level":"info","message":"User disconnected: LPWsM7e2EjZ-Y2J5AAA7","timestamp":"2025-05-09T06:54:54.360Z"}
