{"level":"info","message":"Server running on http://localhost:5000","timestamp":"2025-05-08T12:00:36.412Z"}
{"level":"error","message":"Redis connection failed:","timestamp":"2025-05-08T12:00:36.418Z"}
{"level":"info","message":"MongoDB connected","timestamp":"2025-05-08T12:00:36.429Z"}
{"level":"error","message":"Redis connection failed:","timestamp":"2025-05-08T12:00:36.485Z"}
{"level":"error","message":"Redis connection failed:","timestamp":"2025-05-08T12:00:36.595Z"}
{"level":"error","message":"Redis connection failed:","timestamp":"2025-05-08T12:00:36.750Z"}
{"level":"error","message":"Redis connection failed:","timestamp":"2025-05-08T12:00:36.952Z"}
{"level":"error","message":"Redis connection failed:","timestamp":"2025-05-08T12:00:37.216Z"}
{"level":"error","message":"Redis connection failed:","timestamp":"2025-05-08T12:00:37.528Z"}
{"level":"error","message":"Redis connection failed:","timestamp":"2025-05-08T12:00:37.886Z"}
{"level":"error","message":"Redis connection failed:","timestamp":"2025-05-08T12:00:38.291Z"}
{"level":"error","message":"Redis connection failed:","timestamp":"2025-05-08T12:00:38.750Z"}
{"level":"error","message":"Redis connection failed:","timestamp":"2025-05-08T12:00:39.264Z"}
{"level":"error","message":"Redis connection failed:","timestamp":"2025-05-08T12:00:39.825Z"}
{"level":"error","message":"Redis connection failed:","timestamp":"2025-05-08T12:00:40.430Z"}
{"level":"error","message":"Redis connection failed:","timestamp":"2025-05-08T12:00:41.084Z"}
{"level":"error","message":"Redis connection failed:","timestamp":"2025-05-08T12:00:41.789Z"}
{"level":"error","message":"Redis connection failed:","timestamp":"2025-05-08T12:00:42.555Z"}
{"level":"info","message":"Server running on http://localhost:5000","timestamp":"2025-05-08T12:06:42.338Z"}
{"level":"error","message":"Redis connection failed:","timestamp":"2025-05-08T12:06:42.347Z"}
{"level":"info","message":"MongoDB connected","timestamp":"2025-05-08T12:06:42.357Z"}
{"level":"error","message":"Redis connection failed:","timestamp":"2025-05-08T12:06:42.405Z"}
{"level":"error","message":"Redis connection failed:","timestamp":"2025-05-08T12:06:42.516Z"}
{"level":"error","message":"Redis connection failed:","timestamp":"2025-05-08T12:06:42.670Z"}
{"level":"error","message":"Redis connection failed:","timestamp":"2025-05-08T12:06:42.873Z"}
{"level":"error","message":"Redis connection failed:","timestamp":"2025-05-08T12:06:43.139Z"}
{"level":"error","message":"Redis connection failed:","timestamp":"2025-05-08T12:06:43.451Z"}
{"level":"error","message":"Redis connection failed:","timestamp":"2025-05-08T12:06:43.809Z"}
{"level":"error","message":"Redis connection failed:","timestamp":"2025-05-08T12:06:44.225Z"}
{"level":"error","message":"Redis connection failed:","timestamp":"2025-05-08T12:06:44.679Z"}
{"level":"error","message":"Redis connection failed:","timestamp":"2025-05-08T12:06:45.196Z"}
{"level":"error","message":"Redis connection failed:","timestamp":"2025-05-08T12:06:45.756Z"}
{"level":"error","message":"Redis connection failed:","timestamp":"2025-05-08T12:06:46.363Z"}
{"level":"info","message":"Server running on http://localhost:5000","timestamp":"2025-05-08T12:18:34.807Z"}
{"level":"error","message":"Redis connection failed:","timestamp":"2025-05-08T12:18:34.816Z"}
{"level":"info","message":"MongoDB connected","timestamp":"2025-05-08T12:18:34.826Z"}
{"level":"error","message":"Redis connection failed:","timestamp":"2025-05-08T12:18:34.877Z"}
{"level":"error","message":"Redis connection failed:","timestamp":"2025-05-08T12:18:34.983Z"}
{"level":"error","message":"Redis connection failed:","timestamp":"2025-05-08T12:18:35.138Z"}
{"level":"error","message":"Redis connection failed:","timestamp":"2025-05-08T12:18:35.342Z"}
{"level":"error","message":"Redis connection failed:","timestamp":"2025-05-08T12:18:35.607Z"}
{"level":"error","message":"Redis connection failed:","timestamp":"2025-05-08T12:18:35.919Z"}
{"level":"error","message":"Redis connection failed:","timestamp":"2025-05-08T12:18:36.279Z"}
{"level":"info","message":"Server running on http://localhost:5000","timestamp":"2025-05-08T12:21:01.059Z"}
{"level":"error","message":"Redis connection failed:","timestamp":"2025-05-08T12:21:01.064Z"}
{"level":"info","message":"MongoDB connected","timestamp":"2025-05-08T12:21:01.072Z"}
{"level":"error","message":"Redis connection failed:","timestamp":"2025-05-08T12:21:01.131Z"}
{"level":"error","message":"Redis connection failed:","timestamp":"2025-05-08T12:21:01.240Z"}
{"level":"error","message":"Redis connection failed:","timestamp":"2025-05-08T12:21:01.396Z"}
{"level":"error","message":"Redis connection failed:","timestamp":"2025-05-08T12:21:01.600Z"}
{"level":"error","message":"Redis connection failed:","timestamp":"2025-05-08T12:21:01.865Z"}
{"level":"error","message":"Redis connection failed:","timestamp":"2025-05-08T12:21:02.178Z"}
{"level":"error","message":"Redis connection failed:","timestamp":"2025-05-08T12:21:02.542Z"}
{"level":"info","message":"Server running on http://localhost:5000","timestamp":"2025-05-08T12:28:46.127Z"}
{"level":"error","message":"Redis connection failed: connect ECONNREFUSED 127.0.0.1:6379","timestamp":"2025-05-08T12:28:46.135Z"}
{"level":"warn","message":"Redis connection retry attempt 1","timestamp":"2025-05-08T12:28:46.135Z"}
{"level":"info","message":"MongoDB connected","timestamp":"2025-05-08T12:28:46.146Z"}
{"level":"error","message":"Redis connection failed: connect ECONNREFUSED 127.0.0.1:6379","timestamp":"2025-05-08T12:28:46.239Z"}
{"level":"warn","message":"Redis connection retry attempt 2","timestamp":"2025-05-08T12:28:46.240Z"}
{"level":"error","message":"Redis connection failed: connect ECONNREFUSED 127.0.0.1:6379","timestamp":"2025-05-08T12:28:46.455Z"}
{"level":"warn","message":"Redis connection retry attempt 3","timestamp":"2025-05-08T12:28:46.456Z"}
{"level":"error","message":"Redis connection failed: connect ECONNREFUSED 127.0.0.1:6379","timestamp":"2025-05-08T12:28:46.768Z"}
{"level":"warn","message":"Redis connection retry attempt 4","timestamp":"2025-05-08T12:28:46.769Z"}
{"level":"error","message":"Redis connection failed: connect ECONNREFUSED 127.0.0.1:6379","timestamp":"2025-05-08T12:28:47.176Z"}
{"level":"warn","message":"Redis connection retry attempt 5","timestamp":"2025-05-08T12:28:47.177Z"}
{"level":"error","message":"Redis connection failed: connect ECONNREFUSED 127.0.0.1:6379","timestamp":"2025-05-08T12:28:47.694Z"}
{"level":"warn","message":"Redis connection retry attempt 6","timestamp":"2025-05-08T12:28:47.694Z"}
{"level":"error","message":"Redis connection failed: connect ECONNREFUSED 127.0.0.1:6379","timestamp":"2025-05-08T12:28:48.308Z"}
{"level":"warn","message":"Redis connection retry attempt 7","timestamp":"2025-05-08T12:28:48.308Z"}
{"level":"error","message":"Redis connection failed: connect ECONNREFUSED 127.0.0.1:6379","timestamp":"2025-05-08T12:28:49.015Z"}
{"level":"warn","message":"Redis connection retry attempt 8","timestamp":"2025-05-08T12:28:49.016Z"}
{"level":"error","message":"Redis connection failed: connect ECONNREFUSED 127.0.0.1:6379","timestamp":"2025-05-08T12:28:49.831Z"}
{"level":"warn","message":"Redis connection retry attempt 9","timestamp":"2025-05-08T12:28:49.832Z"}
{"level":"error","message":"Redis connection failed: connect ECONNREFUSED 127.0.0.1:6379","timestamp":"2025-05-08T12:28:50.743Z"}
{"level":"warn","message":"Redis connection retry attempt 10","timestamp":"2025-05-08T12:28:50.744Z"}
{"level":"error","message":"Redis connection failed: connect ECONNREFUSED 127.0.0.1:6379","timestamp":"2025-05-08T12:28:51.751Z"}
{"level":"warn","message":"Redis connection retry attempt 11","timestamp":"2025-05-08T12:28:51.751Z"}
{"level":"info","message":"Server running on http://localhost:5000","timestamp":"2025-05-08T12:31:46.042Z"}
{"level":"info","message":"MongoDB connected","timestamp":"2025-05-08T12:31:46.054Z"}
{"level":"info","message":"Server running on http://localhost:5000","timestamp":"2025-05-08T12:34:23.673Z"}
{"level":"info","message":"MongoDB connected","timestamp":"2025-05-08T12:34:23.701Z"}
{"level":"info","message":"Server running on http://localhost:5000","timestamp":"2025-05-08T12:58:02.986Z"}
{"level":"info","message":"MongoDB connected","timestamp":"2025-05-08T12:58:03.005Z"}
{"level":"error","message":"Error: E11000 duplicate key error collection: collabspace.users index: email_1 dup key: { email: \"test@example.com\" }","stack":"MongoServerError: E11000 duplicate key error collection: collabspace.users index: email_1 dup key: { email: \"test@example.com\" }\n    at InsertOneOperation.execute (C:\\Users\\HP\\OneDrive\\Desktop\\collabspace\\backend\\node_modules\\mongodb\\lib\\operations\\insert.js:51:19)\n    at process.processTicksAndRejections (node:internal/process/task_queues:95:5)\n    at async tryOperation (C:\\Users\\HP\\OneDrive\\Desktop\\collabspace\\backend\\node_modules\\mongodb\\lib\\operations\\execute_operation.js:207:20)\n    at async executeOperation (C:\\Users\\HP\\OneDrive\\Desktop\\collabspace\\backend\\node_modules\\mongodb\\lib\\operations\\execute_operation.js:75:16)\n    at async Collection.insertOne (C:\\Users\\HP\\OneDrive\\Desktop\\collabspace\\backend\\node_modules\\mongodb\\lib\\collection.js:157:16)","timestamp":"2025-05-08T13:04:29.544Z"}
{"level":"info","message":"Server running on http://localhost:5000","timestamp":"2025-05-08T13:52:00.320Z"}
{"level":"info","message":"MongoDB connected","timestamp":"2025-05-08T13:52:00.348Z"}
{"level":"error","message":"Error: Not authorized, token failed","stack":"Error: Not authorized, token failed\n    at C:\\Users\\HP\\OneDrive\\Desktop\\collabspace\\backend\\middleware\\authMiddleware.js:23:17\n    at process.processTicksAndRejections (node:internal/process/task_queues:95:5)","timestamp":"2025-05-08T14:28:10.157Z"}
{"level":"error","message":"Error: Not authorized, token failed","stack":"Error: Not authorized, token failed\n    at C:\\Users\\HP\\OneDrive\\Desktop\\collabspace\\backend\\middleware\\authMiddleware.js:23:17\n    at process.processTicksAndRejections (node:internal/process/task_queues:95:5)","timestamp":"2025-05-08T14:28:30.165Z"}
{"level":"error","message":"Error: connect ECONNREFUSED ::1:27017, connect ECONNREFUSED 127.0.0.1:27017","stack":"MongoServerSelectionError: connect ECONNREFUSED ::1:27017, connect ECONNREFUSED 127.0.0.1:27017\n    at Topology.selectServer (C:\\Users\\HP\\OneDrive\\Desktop\\collabspace\\backend\\node_modules\\mongodb\\lib\\sdam\\topology.js:321:38)\n    at async tryOperation (C:\\Users\\HP\\OneDrive\\Desktop\\collabspace\\backend\\node_modules\\mongodb\\lib\\operations\\execute_operation.js:145:18)\n    at async executeOperation (C:\\Users\\HP\\OneDrive\\Desktop\\collabspace\\backend\\node_modules\\mongodb\\lib\\operations\\execute_operation.js:75:16)\n    at async FindCursor._initialize (C:\\Users\\HP\\OneDrive\\Desktop\\collabspace\\backend\\node_modules\\mongodb\\lib\\cursor\\find_cursor.js:61:26)\n    at async FindCursor.cursorInit (C:\\Users\\HP\\OneDrive\\Desktop\\collabspace\\backend\\node_modules\\mongodb\\lib\\cursor\\abstract_cursor.js:633:27)\n    at async FindCursor.fetchBatch (C:\\Users\\HP\\OneDrive\\Desktop\\collabspace\\backend\\node_modules\\mongodb\\lib\\cursor\\abstract_cursor.js:667:13)\n    at async FindCursor.next (C:\\Users\\HP\\OneDrive\\Desktop\\collabspace\\backend\\node_modules\\mongodb\\lib\\cursor\\abstract_cursor.js:347:17)\n    at async Collection.findOne (C:\\Users\\HP\\OneDrive\\Desktop\\collabspace\\backend\\node_modules\\mongodb\\lib\\collection.js:277:21)\n    at async model.Query._findOne (C:\\Users\\HP\\OneDrive\\Desktop\\collabspace\\backend\\node_modules\\mongoose\\lib\\query.js:2661:15)\n    at async model.Query.exec (C:\\Users\\HP\\OneDrive\\Desktop\\collabspace\\backend\\node_modules\\mongoose\\lib\\query.js:4548:63)","timestamp":"2025-05-08T14:29:57.317Z"}
{"level":"error","message":"Error: connect ECONNREFUSED ::1:27017, connect ECONNREFUSED 127.0.0.1:27017","stack":"MongoServerSelectionError: connect ECONNREFUSED ::1:27017, connect ECONNREFUSED 127.0.0.1:27017\n    at Topology.selectServer (C:\\Users\\HP\\OneDrive\\Desktop\\collabspace\\backend\\node_modules\\mongodb\\lib\\sdam\\topology.js:321:38)\n    at async tryOperation (C:\\Users\\HP\\OneDrive\\Desktop\\collabspace\\backend\\node_modules\\mongodb\\lib\\operations\\execute_operation.js:145:18)\n    at async executeOperation (C:\\Users\\HP\\OneDrive\\Desktop\\collabspace\\backend\\node_modules\\mongodb\\lib\\operations\\execute_operation.js:75:16)\n    at async FindCursor._initialize (C:\\Users\\HP\\OneDrive\\Desktop\\collabspace\\backend\\node_modules\\mongodb\\lib\\cursor\\find_cursor.js:61:26)\n    at async FindCursor.cursorInit (C:\\Users\\HP\\OneDrive\\Desktop\\collabspace\\backend\\node_modules\\mongodb\\lib\\cursor\\abstract_cursor.js:633:27)\n    at async FindCursor.fetchBatch (C:\\Users\\HP\\OneDrive\\Desktop\\collabspace\\backend\\node_modules\\mongodb\\lib\\cursor\\abstract_cursor.js:667:13)\n    at async FindCursor.next (C:\\Users\\HP\\OneDrive\\Desktop\\collabspace\\backend\\node_modules\\mongodb\\lib\\cursor\\abstract_cursor.js:347:17)\n    at async Collection.findOne (C:\\Users\\HP\\OneDrive\\Desktop\\collabspace\\backend\\node_modules\\mongodb\\lib\\collection.js:277:21)\n    at async model.Query._findOne (C:\\Users\\HP\\OneDrive\\Desktop\\collabspace\\backend\\node_modules\\mongoose\\lib\\query.js:2661:15)\n    at async model.Query.exec (C:\\Users\\HP\\OneDrive\\Desktop\\collabspace\\backend\\node_modules\\mongoose\\lib\\query.js:4548:63)","timestamp":"2025-05-08T14:29:58.843Z"}
{"level":"error","message":"Error: connect ECONNREFUSED ::1:27017, connect ECONNREFUSED 127.0.0.1:27017","stack":"MongoServerSelectionError: connect ECONNREFUSED ::1:27017, connect ECONNREFUSED 127.0.0.1:27017\n    at Topology.selectServer (C:\\Users\\HP\\OneDrive\\Desktop\\collabspace\\backend\\node_modules\\mongodb\\lib\\sdam\\topology.js:321:38)\n    at async tryOperation (C:\\Users\\HP\\OneDrive\\Desktop\\collabspace\\backend\\node_modules\\mongodb\\lib\\operations\\execute_operation.js:145:18)\n    at async executeOperation (C:\\Users\\HP\\OneDrive\\Desktop\\collabspace\\backend\\node_modules\\mongodb\\lib\\operations\\execute_operation.js:75:16)\n    at async FindCursor._initialize (C:\\Users\\HP\\OneDrive\\Desktop\\collabspace\\backend\\node_modules\\mongodb\\lib\\cursor\\find_cursor.js:61:26)\n    at async FindCursor.cursorInit (C:\\Users\\HP\\OneDrive\\Desktop\\collabspace\\backend\\node_modules\\mongodb\\lib\\cursor\\abstract_cursor.js:633:27)\n    at async FindCursor.fetchBatch (C:\\Users\\HP\\OneDrive\\Desktop\\collabspace\\backend\\node_modules\\mongodb\\lib\\cursor\\abstract_cursor.js:667:13)\n    at async FindCursor.next (C:\\Users\\HP\\OneDrive\\Desktop\\collabspace\\backend\\node_modules\\mongodb\\lib\\cursor\\abstract_cursor.js:347:17)\n    at async Collection.findOne (C:\\Users\\HP\\OneDrive\\Desktop\\collabspace\\backend\\node_modules\\mongodb\\lib\\collection.js:277:21)\n    at async model.Query._findOne (C:\\Users\\HP\\OneDrive\\Desktop\\collabspace\\backend\\node_modules\\mongoose\\lib\\query.js:2661:15)\n    at async model.Query.exec (C:\\Users\\HP\\OneDrive\\Desktop\\collabspace\\backend\\node_modules\\mongoose\\lib\\query.js:4548:63)","timestamp":"2025-05-08T14:29:59.534Z"}
{"level":"info","message":"Server running on http://localhost:5000","timestamp":"2025-05-08T14:30:07.133Z"}
{"level":"error","message":"MongoDB connection failed:","timestamp":"2025-05-08T14:30:37.134Z"}
{"level":"info","message":"Server running on http://localhost:5000","timestamp":"2025-05-08T15:40:24.657Z"}
{"level":"info","message":"MongoDB connected","timestamp":"2025-05-08T15:40:24.670Z"}
{"level":"error","message":"Error: Invalid credentials","stack":"Error: Invalid credentials\n    at C:\\Users\\HP\\OneDrive\\Desktop\\collabspace\\backend\\controllers\\authController.js:22:17","timestamp":"2025-05-08T15:55:34.661Z"}
{"level":"info","message":"A user connected: TsHj--o6XpTxYFhtAAAB","timestamp":"2025-05-08T16:05:23.282Z"}
{"level":"info","message":"User disconnected: TsHj--o6XpTxYFhtAAAB","timestamp":"2025-05-08T16:05:29.644Z"}
{"level":"info","message":"A user connected: 1ccvEzGPKuhfg8GZAAAD","timestamp":"2025-05-08T16:05:29.683Z"}
{"level":"info","message":"Server running on http://localhost:5000","timestamp":"2025-05-08T16:17:09.485Z"}
{"level":"info","message":"MongoDB connected","timestamp":"2025-05-08T16:17:09.497Z"}
{"level":"info","message":"User connected: eyxiNcq1HOQksSDNAAAB","timestamp":"2025-05-08T16:17:09.993Z"}
{"level":"info","message":"User connected: I264LeGv23kNPhXnAAAD","timestamp":"2025-05-08T16:18:12.273Z"}
{"level":"info","message":"User connected: 0OSt7eBmh3Ci-Ei3AAAF","timestamp":"2025-05-08T16:18:20.421Z"}
{"level":"info","message":"User disconnected: I264LeGv23kNPhXnAAAD","timestamp":"2025-05-08T16:18:20.446Z"}
{"level":"info","message":"User connected: HpmFL7fNnxQ6OB6nAAAH","timestamp":"2025-05-08T16:18:23.415Z"}
{"level":"info","message":"User disconnected: 0OSt7eBmh3Ci-Ei3AAAF","timestamp":"2025-05-08T16:18:23.423Z"}
{"level":"info","message":"User disconnected: HpmFL7fNnxQ6OB6nAAAH","timestamp":"2025-05-08T16:18:46.495Z"}
{"level":"info","message":"User connected: zqK8xV-VK0cTw6qtAAAJ","timestamp":"2025-05-08T16:18:46.522Z"}
{"level":"info","message":"User disconnected: zqK8xV-VK0cTw6qtAAAJ","timestamp":"2025-05-08T16:19:43.470Z"}
{"level":"info","message":"User connected: JHsDM35o0jkr69OWAAAL","timestamp":"2025-05-08T16:19:43.513Z"}
{"level":"error","message":"Error: Invalid credentials","stack":"Error: Invalid credentials\n    at C:\\Users\\HP\\OneDrive\\Desktop\\collabspace\\backend\\controllers\\authController.js:22:17","timestamp":"2025-05-08T16:20:40.800Z"}
{"level":"info","message":"User disconnected: JHsDM35o0jkr69OWAAAL","timestamp":"2025-05-08T16:20:45.041Z"}
{"level":"info","message":"User connected: F0QpAabTIEUf6AVZAAAN","timestamp":"2025-05-08T16:20:45.078Z"}
{"level":"info","message":"User connected: NiUW3awLcVxQiq_oAAAP","timestamp":"2025-05-08T16:21:38.822Z"}
{"level":"info","message":"User disconnected: F0QpAabTIEUf6AVZAAAN","timestamp":"2025-05-08T16:21:38.826Z"}
{"level":"info","message":"User connected: V_To25xAbYXPXt2GAAAR","timestamp":"2025-05-08T16:21:45.368Z"}
{"level":"info","message":"User disconnected: NiUW3awLcVxQiq_oAAAP","timestamp":"2025-05-08T16:21:45.374Z"}
{"level":"info","message":"Server running on http://localhost:5000","timestamp":"2025-05-08T16:22:46.633Z"}
{"level":"info","message":"MongoDB connected","timestamp":"2025-05-08T16:22:46.649Z"}
{"level":"info","message":"User connected: TJKFYVjhUCXsAgXkAAAC","timestamp":"2025-05-08T16:22:46.687Z"}
{"level":"info","message":"User connected: 9kuxdIqGDGSIcC8wAAAD","timestamp":"2025-05-08T16:22:46.697Z"}
{"level":"error","message":"Error: Invalid credentials","stack":"Error: Invalid credentials\n    at C:\\Users\\HP\\OneDrive\\Desktop\\collabspace\\backend\\controllers\\authController.js:22:17","timestamp":"2025-05-08T16:23:03.947Z"}
{"level":"info","message":"User disconnected: TJKFYVjhUCXsAgXkAAAC","timestamp":"2025-05-08T16:23:08.873Z"}
{"level":"info","message":"User connected: zJLIlz2MsgTLKqpDAAAF","timestamp":"2025-05-08T16:23:08.928Z"}
{"level":"info","message":"User connected: R7dPaMOWU_3aOy-sAAAH","timestamp":"2025-05-08T16:25:48.655Z"}
{"level":"info","message":"User disconnected: zJLIlz2MsgTLKqpDAAAF","timestamp":"2025-05-08T16:25:56.578Z"}
{"level":"info","message":"User disconnected: R7dPaMOWU_3aOy-sAAAH","timestamp":"2025-05-08T16:25:56.580Z"}
{"level":"info","message":"User connected: qgUAXX4VWqfyNMQcAAAJ","timestamp":"2025-05-08T16:25:56.661Z"}
{"level":"info","message":"User disconnected: qgUAXX4VWqfyNMQcAAAJ","timestamp":"2025-05-08T16:25:57.619Z"}
{"level":"info","message":"User connected: 9d80OXSF1FLfnnzvAAAL","timestamp":"2025-05-08T16:25:57.657Z"}
{"level":"info","message":"User disconnected: 9d80OXSF1FLfnnzvAAAL","timestamp":"2025-05-08T16:26:02.095Z"}
{"level":"info","message":"User disconnected: 9kuxdIqGDGSIcC8wAAAD","timestamp":"2025-05-08T16:26:02.100Z"}
{"level":"info","message":"User connected: dGKBnLKz78DjHEfLAAAN","timestamp":"2025-05-08T16:26:06.978Z"}
{"level":"info","message":"User disconnected: dGKBnLKz78DjHEfLAAAN","timestamp":"2025-05-08T16:26:08.843Z"}
{"level":"info","message":"User connected: OcBnuDfQBkpPJpjbAAAP","timestamp":"2025-05-08T16:26:08.891Z"}
{"level":"info","message":"User disconnected: OcBnuDfQBkpPJpjbAAAP","timestamp":"2025-05-08T16:26:09.496Z"}
{"level":"info","message":"User connected: q3VSlQ0fe1UbyNZDAAAR","timestamp":"2025-05-08T16:26:09.549Z"}
{"level":"info","message":"User connected: JyRftQqyzPNGS8OPAAAT","timestamp":"2025-05-08T16:26:31.180Z"}
{"level":"info","message":"User connected: ZUol-vdDJC81SbR4AAAV","timestamp":"2025-05-08T16:28:37.305Z"}
{"level":"info","message":"Server running on http://localhost:5000","timestamp":"2025-05-08T16:29:55.103Z"}
{"level":"info","message":"User connected: Syji0QFGrAYXbVOcAAAB","timestamp":"2025-05-08T16:29:56.994Z"}
{"level":"info","message":"User connected: l3qRdBNYuAtn75QvAAAE","timestamp":"2025-05-08T16:29:57.980Z"}
{"level":"info","message":"User connected: MBaqr13h7Rm76BYQAAAF","timestamp":"2025-05-08T16:29:57.984Z"}
{"level":"info","message":"User disconnected: l3qRdBNYuAtn75QvAAAE","timestamp":"2025-05-08T16:30:02.929Z"}
{"level":"info","message":"User disconnected: Syji0QFGrAYXbVOcAAAB","timestamp":"2025-05-08T16:30:02.936Z"}
{"level":"info","message":"User disconnected: MBaqr13h7Rm76BYQAAAF","timestamp":"2025-05-08T16:30:02.942Z"}
{"level":"info","message":"User connected: _HC0XGo6yWRrncagAAAH","timestamp":"2025-05-08T16:30:02.974Z"}
{"level":"info","message":"User disconnected: _HC0XGo6yWRrncagAAAH","timestamp":"2025-05-08T16:30:03.598Z"}
{"level":"info","message":"User connected: S1BYoRbGqgaj4viOAAAJ","timestamp":"2025-05-08T16:30:03.632Z"}
{"level":"info","message":"User disconnected: S1BYoRbGqgaj4viOAAAJ","timestamp":"2025-05-08T16:30:03.797Z"}
{"level":"info","message":"User connected: 35w3qIf2N2pqkO3rAAAL","timestamp":"2025-05-08T16:30:03.837Z"}
{"level":"info","message":"User disconnected: 35w3qIf2N2pqkO3rAAAL","timestamp":"2025-05-08T16:30:04.032Z"}
{"level":"info","message":"User connected: JQtx5sWVFf0e7nvDAAAN","timestamp":"2025-05-08T16:30:04.064Z"}
{"level":"info","message":"User connected: ZWWGjRiyera6eDQ_AAAP","timestamp":"2025-05-08T16:30:17.825Z"}
{"level":"info","message":"User disconnected: JQtx5sWVFf0e7nvDAAAN","timestamp":"2025-05-08T16:30:19.708Z"}
{"level":"info","message":"User disconnected: ZWWGjRiyera6eDQ_AAAP","timestamp":"2025-05-08T16:30:24.199Z"}
{"level":"info","message":"User connected: 2aTckaQsr4RNeSzxAAAR","timestamp":"2025-05-08T16:30:24.224Z"}
{"level":"error","message":"MongoDB connection failed:","timestamp":"2025-05-08T16:30:25.105Z"}
{"level":"info","message":"Server running on http://localhost:5000","timestamp":"2025-05-08T16:32:11.687Z"}
{"level":"info","message":"User connected: _qf23WFCvdjAwwHmAAAB","timestamp":"2025-05-08T16:32:12.361Z"}
{"level":"info","message":"User disconnected: _qf23WFCvdjAwwHmAAAB","timestamp":"2025-05-08T16:32:26.088Z"}
{"level":"info","message":"User connected: OhAJnOPSo3ssUEgWAAAD","timestamp":"2025-05-08T16:32:26.117Z"}
{"level":"error","message":"MongoDB connection failed:","timestamp":"2025-05-08T16:32:41.693Z"}
{"level":"info","message":"Server running on http://localhost:5000","timestamp":"2025-05-08T16:39:50.563Z"}
{"level":"info","message":"User connected: MHOoP5-P3Me2QR1oAAAC","timestamp":"2025-05-08T16:39:50.584Z"}
{"level":"info","message":"User connected: oCEqHzrYgisd-tE7AAAD","timestamp":"2025-05-08T16:39:50.588Z"}
{"level":"error","message":"MongoDB connection failed:","timestamp":"2025-05-08T16:40:20.564Z"}
{"level":"info","message":"Server running on http://localhost:5000","timestamp":"2025-05-08T16:49:53.303Z"}
{"level":"info","message":"User connected: t5w-iRNNwBd93UQvAAAU","timestamp":"2025-05-08T16:50:20.387Z"}
{"level":"info","message":"User connected: DmorM7oZZNoAxuL7AAAV","timestamp":"2025-05-08T16:50:20.397Z"}
{"level":"error","message":"MongoDB connection failed:","timestamp":"2025-05-08T16:50:23.310Z"}
{"level":"info","message":"Server running on http://localhost:5000","timestamp":"2025-05-08T16:51:03.088Z"}
{"level":"info","message":"User connected: 3jHDKgp1S3ZvzJlkAAAC","timestamp":"2025-05-08T16:51:25.550Z"}
{"level":"info","message":"User connected: tHTWJKoicDhPopTDAAAD","timestamp":"2025-05-08T16:51:25.555Z"}
{"level":"info","message":"User disconnected: tHTWJKoicDhPopTDAAAD","timestamp":"2025-05-08T16:51:28.049Z"}
{"level":"info","message":"User disconnected: 3jHDKgp1S3ZvzJlkAAAC","timestamp":"2025-05-08T16:51:28.049Z"}
{"level":"info","message":"User connected: sbHtPLDh-U-RdD6DAAAG","timestamp":"2025-05-08T16:51:28.094Z"}
{"level":"info","message":"User connected: hBO7fFOIB_-2xc0FAAAH","timestamp":"2025-05-08T16:51:28.103Z"}
{"level":"info","message":"User disconnected: sbHtPLDh-U-RdD6DAAAG","timestamp":"2025-05-08T16:51:28.255Z"}
{"level":"info","message":"User disconnected: hBO7fFOIB_-2xc0FAAAH","timestamp":"2025-05-08T16:51:28.257Z"}
{"level":"info","message":"User connected: bvAluTsMqaTcEVI2AAAK","timestamp":"2025-05-08T16:51:28.304Z"}
{"level":"info","message":"User connected: NZb4g4wL4gKIZcJYAAAL","timestamp":"2025-05-08T16:51:28.311Z"}
{"level":"info","message":"User disconnected: bvAluTsMqaTcEVI2AAAK","timestamp":"2025-05-08T16:51:28.472Z"}
{"level":"info","message":"User disconnected: NZb4g4wL4gKIZcJYAAAL","timestamp":"2025-05-08T16:51:28.474Z"}
{"level":"info","message":"User connected: j6uX1i51GurOl71_AAAO","timestamp":"2025-05-08T16:51:28.513Z"}
{"level":"info","message":"User connected: ja7L9klXtQ45tX8QAAAP","timestamp":"2025-05-08T16:51:28.519Z"}
{"level":"info","message":"User disconnected: j6uX1i51GurOl71_AAAO","timestamp":"2025-05-08T16:51:28.686Z"}
{"level":"info","message":"User disconnected: ja7L9klXtQ45tX8QAAAP","timestamp":"2025-05-08T16:51:28.688Z"}
{"level":"info","message":"User connected: B4o_fM51vAaYhnjPAAAS","timestamp":"2025-05-08T16:51:28.741Z"}
{"level":"info","message":"User connected: R1bq0Jb7-GfL3vY4AAAT","timestamp":"2025-05-08T16:51:28.747Z"}
{"level":"info","message":"User disconnected: B4o_fM51vAaYhnjPAAAS","timestamp":"2025-05-08T16:51:28.910Z"}
{"level":"info","message":"User disconnected: R1bq0Jb7-GfL3vY4AAAT","timestamp":"2025-05-08T16:51:28.912Z"}
{"level":"info","message":"User connected: HLyH7C9j6V4QJX6pAAAW","timestamp":"2025-05-08T16:51:28.964Z"}
{"level":"info","message":"User connected: vL-Fch6c4ZiDL16EAAAX","timestamp":"2025-05-08T16:51:28.970Z"}
{"level":"info","message":"User disconnected: HLyH7C9j6V4QJX6pAAAW","timestamp":"2025-05-08T16:51:29.085Z"}
{"level":"info","message":"User disconnected: vL-Fch6c4ZiDL16EAAAX","timestamp":"2025-05-08T16:51:29.087Z"}
{"level":"info","message":"User connected: uY3ERE2lFOrD4InCAAAa","timestamp":"2025-05-08T16:51:29.133Z"}
{"level":"info","message":"User connected: 7iu7yOzwcypC-HTgAAAb","timestamp":"2025-05-08T16:51:29.138Z"}
{"level":"info","message":"User disconnected: 7iu7yOzwcypC-HTgAAAb","timestamp":"2025-05-08T16:51:29.293Z"}
{"level":"info","message":"User disconnected: uY3ERE2lFOrD4InCAAAa","timestamp":"2025-05-08T16:51:29.294Z"}
{"level":"info","message":"User connected: tfARLIl2p8lvO3P5AAAe","timestamp":"2025-05-08T16:51:29.341Z"}
{"level":"info","message":"User connected: KkMov0kOIo6JDs7uAAAf","timestamp":"2025-05-08T16:51:29.347Z"}
{"level":"info","message":"User disconnected: tfARLIl2p8lvO3P5AAAe","timestamp":"2025-05-08T16:51:29.508Z"}
{"level":"info","message":"User disconnected: KkMov0kOIo6JDs7uAAAf","timestamp":"2025-05-08T16:51:29.509Z"}
{"level":"info","message":"User connected: PlVaCmvErHfWZ0B9AAAi","timestamp":"2025-05-08T16:51:29.559Z"}
{"level":"info","message":"User connected: 4S00oqX-EhwEGGuYAAAj","timestamp":"2025-05-08T16:51:29.564Z"}
{"level":"info","message":"User disconnected: PlVaCmvErHfWZ0B9AAAi","timestamp":"2025-05-08T16:51:29.725Z"}
{"level":"info","message":"User disconnected: 4S00oqX-EhwEGGuYAAAj","timestamp":"2025-05-08T16:51:29.726Z"}
{"level":"info","message":"User connected: 6DQ-H7_Ke8gxl52YAAAm","timestamp":"2025-05-08T16:51:29.772Z"}
{"level":"info","message":"User connected: b7w9I8BlahF8MtizAAAn","timestamp":"2025-05-08T16:51:29.778Z"}
{"level":"info","message":"User disconnected: 6DQ-H7_Ke8gxl52YAAAm","timestamp":"2025-05-08T16:51:30.381Z"}
{"level":"info","message":"User disconnected: b7w9I8BlahF8MtizAAAn","timestamp":"2025-05-08T16:51:30.382Z"}
{"level":"info","message":"User connected: DLEiq7YkyFDMnk2tAAAq","timestamp":"2025-05-08T16:51:30.430Z"}
{"level":"info","message":"User connected: BpoVkddz91jy1x0jAAAr","timestamp":"2025-05-08T16:51:30.436Z"}
{"level":"info","message":"User disconnected: DLEiq7YkyFDMnk2tAAAq","timestamp":"2025-05-08T16:51:30.597Z"}
{"level":"info","message":"User disconnected: BpoVkddz91jy1x0jAAAr","timestamp":"2025-05-08T16:51:30.598Z"}
{"level":"info","message":"User connected: 4KM3qL6QFijVVzwAAAAu","timestamp":"2025-05-08T16:51:30.645Z"}
{"level":"info","message":"User connected: PpkJWIo2NqfriibjAAAv","timestamp":"2025-05-08T16:51:30.652Z"}
{"level":"info","message":"User disconnected: PpkJWIo2NqfriibjAAAv","timestamp":"2025-05-08T16:51:32.564Z"}
{"level":"info","message":"User disconnected: 4KM3qL6QFijVVzwAAAAu","timestamp":"2025-05-08T16:51:32.572Z"}
{"level":"error","message":"MongoDB connection failed:","timestamp":"2025-05-08T16:51:33.085Z"}
